/home/matthieu/ros2_ws/install/web_control/lib/python3.12/site-packages/web_control/backend_node.py
/home/matthieu/ros2_ws/install/web_control/lib/python3.12/site-packages/web_control/gallery_manager.py
/home/matthieu/ros2_ws/install/web_control/lib/python3.12/site-packages/web_control/capture_manager.py
/home/matthieu/ros2_ws/install/web_control/lib/python3.12/site-packages/web_control/__init__.py
/home/matthieu/ros2_ws/install/web_control/lib/python3.12/site-packages/web_control/__pycache__/backend_node.cpython-312.pyc
/home/matthieu/ros2_ws/install/web_control/lib/python3.12/site-packages/web_control/__pycache__/gallery_manager.cpython-312.pyc
/home/matthieu/ros2_ws/install/web_control/lib/python3.12/site-packages/web_control/__pycache__/capture_manager.cpython-312.pyc
/home/matthieu/ros2_ws/install/web_control/lib/python3.12/site-packages/web_control/__pycache__/__init__.cpython-312.pyc
/home/matthieu/ros2_ws/install/web_control/share/ament_index/resource_index/packages/web_control
/home/matthieu/ros2_ws/install/web_control/share/web_control/package.xml
/home/matthieu/ros2_ws/install/web_control/share/web_control/launch/web_control_full.launch.py
/home/matthieu/ros2_ws/install/web_control/share/web_control/web/style.css
/home/matthieu/ros2_ws/install/web_control/share/web_control/web/index.html
/home/matthieu/ros2_ws/install/web_control/share/web_control/web/app.js
/home/matthieu/ros2_ws/install/web_control/share/web_control/web/gallery
/home/matthieu/ros2_ws/install/web_control/lib/python3.12/site-packages/web_control-1.0.0-py3.12.egg-info/SOURCES.txt
/home/matthieu/ros2_ws/install/web_control/lib/python3.12/site-packages/web_control-1.0.0-py3.12.egg-info/zip-safe
/home/matthieu/ros2_ws/install/web_control/lib/python3.12/site-packages/web_control-1.0.0-py3.12.egg-info/dependency_links.txt
/home/matthieu/ros2_ws/install/web_control/lib/python3.12/site-packages/web_control-1.0.0-py3.12.egg-info/entry_points.txt
/home/matthieu/ros2_ws/install/web_control/lib/python3.12/site-packages/web_control-1.0.0-py3.12.egg-info/requires.txt
/home/matthieu/ros2_ws/install/web_control/lib/python3.12/site-packages/web_control-1.0.0-py3.12.egg-info/PKG-INFO
/home/matthieu/ros2_ws/install/web_control/lib/python3.12/site-packages/web_control-1.0.0-py3.12.egg-info/top_level.txt
/home/matthieu/ros2_ws/install/web_control/lib/web_control/backend_node
