running egg_info
creating ../../build/web_control/web_control.egg-info
writing ../../build/web_control/web_control.egg-info/PKG-INFO
writing dependency_links to ../../build/web_control/web_control.egg-info/dependency_links.txt
writing entry points to ../../build/web_control/web_control.egg-info/entry_points.txt
writing requirements to ../../build/web_control/web_control.egg-info/requires.txt
writing top-level names to ../../build/web_control/web_control.egg-info/top_level.txt
writing manifest file '../../build/web_control/web_control.egg-info/SOURCES.txt'
reading manifest file '../../build/web_control/web_control.egg-info/SOURCES.txt'
writing manifest file '../../build/web_control/web_control.egg-info/SOURCES.txt'
running build
running build_py
creating /home/matthieu/ros2_ws/build/web_control/build
creating /home/matthieu/ros2_ws/build/web_control/build/lib
creating /home/matthieu/ros2_ws/build/web_control/build/lib/web_control
copying web_control/backend_node.py -> /home/matthieu/ros2_ws/build/web_control/build/lib/web_control
copying web_control/gallery_manager.py -> /home/matthieu/ros2_ws/build/web_control/build/lib/web_control
copying web_control/capture_manager.py -> /home/matthieu/ros2_ws/build/web_control/build/lib/web_control
copying web_control/__init__.py -> /home/matthieu/ros2_ws/build/web_control/build/lib/web_control
running install
running install_lib
creating /home/matthieu/ros2_ws/install/web_control/lib/python3.12/site-packages/web_control
copying /home/matthieu/ros2_ws/build/web_control/build/lib/web_control/backend_node.py -> /home/matthieu/ros2_ws/install/web_control/lib/python3.12/site-packages/web_control
copying /home/matthieu/ros2_ws/build/web_control/build/lib/web_control/gallery_manager.py -> /home/matthieu/ros2_ws/install/web_control/lib/python3.12/site-packages/web_control
copying /home/matthieu/ros2_ws/build/web_control/build/lib/web_control/capture_manager.py -> /home/matthieu/ros2_ws/install/web_control/lib/python3.12/site-packages/web_control
copying /home/matthieu/ros2_ws/build/web_control/build/lib/web_control/__init__.py -> /home/matthieu/ros2_ws/install/web_control/lib/python3.12/site-packages/web_control
byte-compiling /home/matthieu/ros2_ws/install/web_control/lib/python3.12/site-packages/web_control/backend_node.py to backend_node.cpython-312.pyc
byte-compiling /home/matthieu/ros2_ws/install/web_control/lib/python3.12/site-packages/web_control/gallery_manager.py to gallery_manager.cpython-312.pyc
byte-compiling /home/matthieu/ros2_ws/install/web_control/lib/python3.12/site-packages/web_control/capture_manager.py to capture_manager.cpython-312.pyc
byte-compiling /home/matthieu/ros2_ws/install/web_control/lib/python3.12/site-packages/web_control/__init__.py to __init__.cpython-312.pyc
running install_data
creating /home/matthieu/ros2_ws/install/web_control/share/ament_index
creating /home/matthieu/ros2_ws/install/web_control/share/ament_index/resource_index
creating /home/matthieu/ros2_ws/install/web_control/share/ament_index/resource_index/packages
copying resource/web_control -> /home/matthieu/ros2_ws/install/web_control/share/ament_index/resource_index/packages
copying package.xml -> /home/matthieu/ros2_ws/install/web_control/share/web_control
creating /home/matthieu/ros2_ws/install/web_control/share/web_control/launch
copying launch/web_control_full.launch.py -> /home/matthieu/ros2_ws/install/web_control/share/web_control/launch
creating /home/matthieu/ros2_ws/install/web_control/share/web_control/web
copying web/saint-cyr.png -> /home/matthieu/ros2_ws/install/web_control/share/web_control/web
copying web/logo-polytech.png -> /home/matthieu/ros2_ws/install/web_control/share/web_control/web
copying web/style.css -> /home/matthieu/ros2_ws/install/web_control/share/web_control/web
copying web/index.html -> /home/matthieu/ros2_ws/install/web_control/share/web_control/web
copying web/app.js -> /home/matthieu/ros2_ws/install/web_control/share/web_control/web
creating /home/matthieu/ros2_ws/install/web_control/share/web_control/web/navig
copying web/navig/logo.png -> /home/matthieu/ros2_ws/install/web_control/share/web_control/web/navig
copying web/navig/navig.css -> /home/matthieu/ros2_ws/install/web_control/share/web_control/web/navig
copying web/navig/map.jpg -> /home/matthieu/ros2_ws/install/web_control/share/web_control/web/navig
