[0.674s] Invoking command in '/home/matthieu/ros2_ws/src/web_control': DEBUGINFOD_URLS=https://debuginfod.ubuntu.com PYTHONPATH=/home/matthieu/ros2_ws/build/web_control/prefix_override:/usr/lib/python3/dist-packages/colcon_core/task/python/colcon_distutils_commands:/home/matthieu/ros2_ws/install/web_control/lib/python3.12/site-packages:${PYTHONPATH} /usr/bin/python3 -W ignore:setup.py install is deprecated -W ignore:easy_install command is deprecated setup.py egg_info --egg-base ../../build/web_control build --build-base /home/matthieu/ros2_ws/build/web_control/build install --record /home/matthieu/ros2_ws/build/web_control/install.log --single-version-externally-managed install_data
[0.850s] running egg_info
[0.850s] creating ../../build/web_control/web_control.egg-info
[0.863s] writing ../../build/web_control/web_control.egg-info/PKG-INFO
[0.864s] writing dependency_links to ../../build/web_control/web_control.egg-info/dependency_links.txt
[0.864s] writing entry points to ../../build/web_control/web_control.egg-info/entry_points.txt
[0.864s] writing requirements to ../../build/web_control/web_control.egg-info/requires.txt
[0.864s] writing top-level names to ../../build/web_control/web_control.egg-info/top_level.txt
[0.864s] writing manifest file '../../build/web_control/web_control.egg-info/SOURCES.txt'
[0.890s] reading manifest file '../../build/web_control/web_control.egg-info/SOURCES.txt'
[0.891s] writing manifest file '../../build/web_control/web_control.egg-info/SOURCES.txt'
[0.891s] running build
[0.891s] running build_py
[0.891s] creating /home/matthieu/ros2_ws/build/web_control/build
[0.891s] creating /home/matthieu/ros2_ws/build/web_control/build/lib
[0.891s] creating /home/matthieu/ros2_ws/build/web_control/build/lib/web_control
[0.891s] copying web_control/backend_node.py -> /home/matthieu/ros2_ws/build/web_control/build/lib/web_control
[0.891s] copying web_control/gallery_manager.py -> /home/matthieu/ros2_ws/build/web_control/build/lib/web_control
[0.891s] copying web_control/capture_manager.py -> /home/matthieu/ros2_ws/build/web_control/build/lib/web_control
[0.891s] copying web_control/__init__.py -> /home/matthieu/ros2_ws/build/web_control/build/lib/web_control
[0.891s] running install
[0.896s] running install_lib
[0.909s] creating /home/matthieu/ros2_ws/install/web_control/lib/python3.12/site-packages/web_control
[0.909s] copying /home/matthieu/ros2_ws/build/web_control/build/lib/web_control/backend_node.py -> /home/matthieu/ros2_ws/install/web_control/lib/python3.12/site-packages/web_control
[0.909s] copying /home/matthieu/ros2_ws/build/web_control/build/lib/web_control/gallery_manager.py -> /home/matthieu/ros2_ws/install/web_control/lib/python3.12/site-packages/web_control
[0.909s] copying /home/matthieu/ros2_ws/build/web_control/build/lib/web_control/capture_manager.py -> /home/matthieu/ros2_ws/install/web_control/lib/python3.12/site-packages/web_control
[0.909s] copying /home/matthieu/ros2_ws/build/web_control/build/lib/web_control/__init__.py -> /home/matthieu/ros2_ws/install/web_control/lib/python3.12/site-packages/web_control
[0.909s] byte-compiling /home/matthieu/ros2_ws/install/web_control/lib/python3.12/site-packages/web_control/backend_node.py to backend_node.cpython-312.pyc
[0.910s] byte-compiling /home/matthieu/ros2_ws/install/web_control/lib/python3.12/site-packages/web_control/gallery_manager.py to gallery_manager.cpython-312.pyc
[0.910s] byte-compiling /home/matthieu/ros2_ws/install/web_control/lib/python3.12/site-packages/web_control/capture_manager.py to capture_manager.cpython-312.pyc
[0.911s] byte-compiling /home/matthieu/ros2_ws/install/web_control/lib/python3.12/site-packages/web_control/__init__.py to __init__.cpython-312.pyc
[0.911s] running install_data
[0.911s] creating /home/matthieu/ros2_ws/install/web_control/share/ament_index
[0.911s] creating /home/matthieu/ros2_ws/install/web_control/share/ament_index/resource_index
[0.911s] creating /home/matthieu/ros2_ws/install/web_control/share/ament_index/resource_index/packages
[0.911s] copying resource/web_control -> /home/matthieu/ros2_ws/install/web_control/share/ament_index/resource_index/packages
[0.911s] copying package.xml -> /home/matthieu/ros2_ws/install/web_control/share/web_control
[0.911s] creating /home/matthieu/ros2_ws/install/web_control/share/web_control/launch
[0.911s] copying launch/web_control_full.launch.py -> /home/matthieu/ros2_ws/install/web_control/share/web_control/launch
[0.911s] creating /home/matthieu/ros2_ws/install/web_control/share/web_control/web
[0.911s] copying web/saint-cyr.png -> /home/matthieu/ros2_ws/install/web_control/share/web_control/web
[0.913s] copying web/logo-polytech.png -> /home/matthieu/ros2_ws/install/web_control/share/web_control/web
[0.913s] copying web/style.css -> /home/matthieu/ros2_ws/install/web_control/share/web_control/web
[0.913s] copying web/index.html -> /home/matthieu/ros2_ws/install/web_control/share/web_control/web
[0.913s] copying web/app.js -> /home/matthieu/ros2_ws/install/web_control/share/web_control/web
[0.914s] creating /home/matthieu/ros2_ws/install/web_control/share/web_control/web/navig
[0.914s] copying web/navig/logo.png -> /home/matthieu/ros2_ws/install/web_control/share/web_control/web/navig
[0.914s] copying web/navig/navig.css -> /home/matthieu/ros2_ws/install/web_control/share/web_control/web/navig
[0.914s] copying web/navig/map.jpg -> /home/matthieu/ros2_ws/install/web_control/share/web_control/web/navig
[0.918s] error: can't copy 'web/navig/users_models': doesn't exist or not a regular file
[0.931s] Invoked command in '/home/matthieu/ros2_ws/src/web_control' returned '1': DEBUGINFOD_URLS=https://debuginfod.ubuntu.com PYTHONPATH=/home/matthieu/ros2_ws/build/web_control/prefix_override:/usr/lib/python3/dist-packages/colcon_core/task/python/colcon_distutils_commands:/home/matthieu/ros2_ws/install/web_control/lib/python3.12/site-packages:${PYTHONPATH} /usr/bin/python3 -W ignore:setup.py install is deprecated -W ignore:easy_install command is deprecated setup.py egg_info --egg-base ../../build/web_control build --build-base /home/matthieu/ros2_ws/build/web_control/build install --record /home/matthieu/ros2_ws/build/web_control/install.log --single-version-externally-managed install_data
