running develop
Removing /home/matthieu/ros2_ws/install/web_control/lib/python3.12/site-packages/web-control.egg-link (link to .)
running egg_info
writing ../../build/web_control/web_control.egg-info/PKG-INFO
writing dependency_links to ../../build/web_control/web_control.egg-info/dependency_links.txt
writing entry points to ../../build/web_control/web_control.egg-info/entry_points.txt
writing requirements to ../../build/web_control/web_control.egg-info/requires.txt
writing top-level names to ../../build/web_control/web_control.egg-info/top_level.txt
reading manifest file '../../build/web_control/web_control.egg-info/SOURCES.txt'
writing manifest file '../../build/web_control/web_control.egg-info/SOURCES.txt'
running build
running build_py
running install
running install_lib
creating /home/matthieu/ros2_ws/install/web_control/lib/python3.12/site-packages/web_control
copying /home/matthieu/ros2_ws/build/web_control/build/lib/web_control/backend_node.py -> /home/matthieu/ros2_ws/install/web_control/lib/python3.12/site-packages/web_control
copying /home/matthieu/ros2_ws/build/web_control/build/lib/web_control/gallery_manager.py -> /home/matthieu/ros2_ws/install/web_control/lib/python3.12/site-packages/web_control
copying /home/matthieu/ros2_ws/build/web_control/build/lib/web_control/capture_manager.py -> /home/matthieu/ros2_ws/install/web_control/lib/python3.12/site-packages/web_control
copying /home/matthieu/ros2_ws/build/web_control/build/lib/web_control/__init__.py -> /home/matthieu/ros2_ws/install/web_control/lib/python3.12/site-packages/web_control
byte-compiling /home/matthieu/ros2_ws/install/web_control/lib/python3.12/site-packages/web_control/backend_node.py to backend_node.cpython-312.pyc
byte-compiling /home/matthieu/ros2_ws/install/web_control/lib/python3.12/site-packages/web_control/gallery_manager.py to gallery_manager.cpython-312.pyc
byte-compiling /home/matthieu/ros2_ws/install/web_control/lib/python3.12/site-packages/web_control/capture_manager.py to capture_manager.cpython-312.pyc
byte-compiling /home/matthieu/ros2_ws/install/web_control/lib/python3.12/site-packages/web_control/__init__.py to __init__.cpython-312.pyc
running install_data
copying resource/web_control -> /home/matthieu/ros2_ws/install/web_control/share/ament_index/resource_index/packages
copying package.xml -> /home/matthieu/ros2_ws/install/web_control/share/web_control
copying launch/web_control_full.launch.py -> /home/matthieu/ros2_ws/install/web_control/share/web_control/launch
copying web/saint-cyr.png -> /home/matthieu/ros2_ws/install/web_control/share/web_control/web
copying web/logo-polytech.png -> /home/matthieu/ros2_ws/install/web_control/share/web_control/web
copying web/style.css -> /home/matthieu/ros2_ws/install/web_control/share/web_control/web
copying web/index.html -> /home/matthieu/ros2_ws/install/web_control/share/web_control/web
copying web/app.js -> /home/matthieu/ros2_ws/install/web_control/share/web_control/web
copying web/navig/logo.png -> /home/matthieu/ros2_ws/install/web_control/share/web_control/web/navig
copying web/navig/navig.css -> /home/matthieu/ros2_ws/install/web_control/share/web_control/web/navig
copying web/navig/map.jpg -> /home/matthieu/ros2_ws/install/web_control/share/web_control/web/navig
copying web/navig/navig.js -> /home/matthieu/ros2_ws/install/web_control/share/web_control/web/navig
copying web/navig/settings.png -> /home/matthieu/ros2_ws/install/web_control/share/web_control/web/navig
copying web/navig/navig.html -> /home/matthieu/ros2_ws/install/web_control/share/web_control/web/navig
copying web/navig/blank_area.json -> /home/matthieu/ros2_ws/install/web_control/share/web_control/web/navig
copying web/accueil/home.png -> /home/matthieu/ros2_ws/install/web_control/share/web_control/web/accueil
copying web/accueil/logo.png -> /home/matthieu/ros2_ws/install/web_control/share/web_control/web/accueil
copying web/accueil/CURT.jpg -> /home/matthieu/ros2_ws/install/web_control/share/web_control/web/accueil
copying web/accueil/bras.jpg -> /home/matthieu/ros2_ws/install/web_control/share/web_control/web/accueil
copying web/accueil/page_presentation.html -> /home/matthieu/ros2_ws/install/web_control/share/web_control/web/accueil
running install_egg_info
Copying ../../build/web_control/web_control.egg-info to /home/matthieu/ros2_ws/install/web_control/lib/python3.12/site-packages/web_control-1.0.0-py3.12.egg-info
running install_scripts
Installing backend_node script to /home/matthieu/ros2_ws/install/web_control/lib/web_control
writing list of installed files to '/home/matthieu/ros2_ws/build/web_control/install.log'
