[0.158s] DEBUG:colcon:Command line arguments: ['/usr/bin/colcon', 'build', '--packages-select', 'web_control', '--symlink-install']
[0.158s] DEBUG:colcon:Parsed command line arguments: Namespace(log_base=None, log_level=None, verb_name='build', build_base='build', install_base='install', merge_install=False, symlink_install=True, test_result_base=None, continue_on_error=False, executor='parallel', parallel_workers=16, event_handlers=None, ignore_user_meta=False, metas=['./colcon.meta'], base_paths=['.'], packages_ignore=None, packages_ignore_regex=None, paths=None, packages_up_to=None, packages_up_to_regex=None, packages_above=None, packages_above_and_dependencies=None, packages_above_depth=None, packages_select_by_dep=None, packages_skip_by_dep=None, packages_skip_up_to=None, packages_select_build_failed=False, packages_skip_build_finished=False, packages_select_test_failures=False, packages_skip_test_passed=False, packages_select=['web_control'], packages_skip=None, packages_select_regex=None, packages_skip_regex=None, packages_start=None, packages_end=None, allow_overriding=[], cmake_args=None, cmake_target=None, cmake_target_skip_unavailable=False, cmake_clean_cache=False, cmake_clean_first=False, cmake_force_configure=False, ament_cmake_args=None, catkin_cmake_args=None, catkin_skip_building_tests=False, mixin_files=None, mixin=None, verb_parser=<colcon_mixin.mixin.mixin_argument.MixinArgumentDecorator object at 0x72ae5fc174a0>, verb_extension=<colcon_core.verb.build.BuildVerb object at 0x72ae5fdc8b00>, main=<bound method BuildVerb.main of <colcon_core.verb.build.BuildVerb object at 0x72ae5fdc8b00>>, mixin_verb=('build',))
[0.192s] Level 1:colcon.colcon_core.package_discovery:discover_packages(colcon_meta) check parameters
[0.192s] Level 1:colcon.colcon_core.package_discovery:discover_packages(recursive) check parameters
[0.192s] Level 1:colcon.colcon_core.package_discovery:discover_packages(ignore) check parameters
[0.192s] Level 1:colcon.colcon_core.package_discovery:discover_packages(path) check parameters
[0.192s] Level 1:colcon.colcon_core.package_discovery:discover_packages(colcon_meta) discover
[0.192s] Level 1:colcon.colcon_core.package_discovery:discover_packages(recursive) discover
[0.192s] INFO:colcon.colcon_core.package_discovery:Crawling recursively for packages in '/home/matthieu/ros2_ws'
[0.192s] Level 1:colcon.colcon_core.package_identification:_identify(.) by extensions ['ignore', 'ignore_ament_install']
[0.192s] Level 1:colcon.colcon_core.package_identification:_identify(.) by extension 'ignore'
[0.193s] Level 1:colcon.colcon_core.package_identification:_identify(.) by extension 'ignore_ament_install'
[0.193s] Level 1:colcon.colcon_core.package_identification:_identify(.) by extensions ['colcon_pkg']
[0.193s] Level 1:colcon.colcon_core.package_identification:_identify(.) by extension 'colcon_pkg'
[0.193s] Level 1:colcon.colcon_core.package_identification:_identify(.) by extensions ['colcon_meta']
[0.193s] Level 1:colcon.colcon_core.package_identification:_identify(.) by extension 'colcon_meta'
[0.193s] Level 1:colcon.colcon_core.package_identification:_identify(.) by extensions ['ros']
[0.193s] Level 1:colcon.colcon_core.package_identification:_identify(.) by extension 'ros'
[0.212s] Level 1:colcon.colcon_core.package_identification:_identify(.) by extensions ['cmake', 'python']
[0.212s] Level 1:colcon.colcon_core.package_identification:_identify(.) by extension 'cmake'
[0.212s] Level 1:colcon.colcon_core.package_identification:_identify(.) by extension 'python'
[0.212s] Level 1:colcon.colcon_core.package_identification:_identify(.) by extensions ['python_setup_py']
[0.212s] Level 1:colcon.colcon_core.package_identification:_identify(.) by extension 'python_setup_py'
[0.212s] Level 1:colcon.colcon_core.package_identification:_identify(build) by extensions ['ignore', 'ignore_ament_install']
[0.213s] Level 1:colcon.colcon_core.package_identification:_identify(build) by extension 'ignore'
[0.213s] Level 1:colcon.colcon_core.package_identification:_identify(build) ignored
[0.213s] Level 1:colcon.colcon_core.package_identification:_identify(install) by extensions ['ignore', 'ignore_ament_install']
[0.213s] Level 1:colcon.colcon_core.package_identification:_identify(install) by extension 'ignore'
[0.213s] Level 1:colcon.colcon_core.package_identification:_identify(install) ignored
[0.213s] Level 1:colcon.colcon_core.package_identification:_identify(log) by extensions ['ignore', 'ignore_ament_install']
[0.213s] Level 1:colcon.colcon_core.package_identification:_identify(log) by extension 'ignore'
[0.213s] Level 1:colcon.colcon_core.package_identification:_identify(log) ignored
[0.213s] Level 1:colcon.colcon_core.package_identification:_identify(src) by extensions ['ignore', 'ignore_ament_install']
[0.213s] Level 1:colcon.colcon_core.package_identification:_identify(src) by extension 'ignore'
[0.213s] Level 1:colcon.colcon_core.package_identification:_identify(src) by extension 'ignore_ament_install'
[0.213s] Level 1:colcon.colcon_core.package_identification:_identify(src) by extensions ['colcon_pkg']
[0.213s] Level 1:colcon.colcon_core.package_identification:_identify(src) by extension 'colcon_pkg'
[0.213s] Level 1:colcon.colcon_core.package_identification:_identify(src) by extensions ['colcon_meta']
[0.213s] Level 1:colcon.colcon_core.package_identification:_identify(src) by extension 'colcon_meta'
[0.213s] Level 1:colcon.colcon_core.package_identification:_identify(src) by extensions ['ros']
[0.213s] Level 1:colcon.colcon_core.package_identification:_identify(src) by extension 'ros'
[0.213s] Level 1:colcon.colcon_core.package_identification:_identify(src) by extensions ['cmake', 'python']
[0.213s] Level 1:colcon.colcon_core.package_identification:_identify(src) by extension 'cmake'
[0.213s] Level 1:colcon.colcon_core.package_identification:_identify(src) by extension 'python'
[0.213s] Level 1:colcon.colcon_core.package_identification:_identify(src) by extensions ['python_setup_py']
[0.213s] Level 1:colcon.colcon_core.package_identification:_identify(src) by extension 'python_setup_py'
[0.213s] Level 1:colcon.colcon_core.package_identification:_identify(src/web_control) by extensions ['ignore', 'ignore_ament_install']
[0.214s] Level 1:colcon.colcon_core.package_identification:_identify(src/web_control) by extension 'ignore'
[0.214s] Level 1:colcon.colcon_core.package_identification:_identify(src/web_control) by extension 'ignore_ament_install'
[0.214s] Level 1:colcon.colcon_core.package_identification:_identify(src/web_control) by extensions ['colcon_pkg']
[0.214s] Level 1:colcon.colcon_core.package_identification:_identify(src/web_control) by extension 'colcon_pkg'
[0.214s] Level 1:colcon.colcon_core.package_identification:_identify(src/web_control) by extensions ['colcon_meta']
[0.214s] Level 1:colcon.colcon_core.package_identification:_identify(src/web_control) by extension 'colcon_meta'
[0.214s] Level 1:colcon.colcon_core.package_identification:_identify(src/web_control) by extensions ['ros']
[0.214s] Level 1:colcon.colcon_core.package_identification:_identify(src/web_control) by extension 'ros'
[0.216s] DEBUG:colcon.colcon_core.package_identification:Package 'src/web_control' with type 'ros.ament_python' and name 'web_control'
[0.216s] Level 1:colcon.colcon_core.package_discovery:discover_packages(recursive) using defaults
[0.217s] Level 1:colcon.colcon_core.package_discovery:discover_packages(ignore) discover
[0.217s] Level 1:colcon.colcon_core.package_discovery:discover_packages(ignore) using defaults
[0.217s] Level 1:colcon.colcon_core.package_discovery:discover_packages(path) discover
[0.217s] Level 1:colcon.colcon_core.package_discovery:discover_packages(path) using defaults
[0.239s] Level 1:colcon.colcon_core.package_discovery:discover_packages(prefix_path) check parameters
[0.239s] Level 1:colcon.colcon_core.package_discovery:discover_packages(prefix_path) discover
[0.243s] DEBUG:colcon.colcon_installed_package_information.package_discovery:Found 1 installed packages in /home/matthieu/ros2_ws2/install
[0.244s] DEBUG:colcon.colcon_installed_package_information.package_discovery:Found 1 installed packages in /home/matthieu/ros2_ws/install
[0.246s] DEBUG:colcon.colcon_installed_package_information.package_discovery:Found 378 installed packages in /opt/ros/jazzy
[0.247s] Level 1:colcon.colcon_core.package_discovery:discover_packages(prefix_path) using defaults
[0.301s] Level 5:colcon.colcon_core.verb:set package 'web_control' build argument 'cmake_args' from command line to 'None'
[0.301s] Level 5:colcon.colcon_core.verb:set package 'web_control' build argument 'cmake_target' from command line to 'None'
[0.301s] Level 5:colcon.colcon_core.verb:set package 'web_control' build argument 'cmake_target_skip_unavailable' from command line to 'False'
[0.301s] Level 5:colcon.colcon_core.verb:set package 'web_control' build argument 'cmake_clean_cache' from command line to 'False'
[0.301s] Level 5:colcon.colcon_core.verb:set package 'web_control' build argument 'cmake_clean_first' from command line to 'False'
[0.301s] Level 5:colcon.colcon_core.verb:set package 'web_control' build argument 'cmake_force_configure' from command line to 'False'
[0.301s] Level 5:colcon.colcon_core.verb:set package 'web_control' build argument 'ament_cmake_args' from command line to 'None'
[0.302s] Level 5:colcon.colcon_core.verb:set package 'web_control' build argument 'catkin_cmake_args' from command line to 'None'
[0.302s] Level 5:colcon.colcon_core.verb:set package 'web_control' build argument 'catkin_skip_building_tests' from command line to 'False'
[0.302s] DEBUG:colcon.colcon_core.verb:Building package 'web_control' with the following arguments: {'ament_cmake_args': None, 'build_base': '/home/matthieu/ros2_ws/build/web_control', 'catkin_cmake_args': None, 'catkin_skip_building_tests': False, 'cmake_args': None, 'cmake_clean_cache': False, 'cmake_clean_first': False, 'cmake_force_configure': False, 'cmake_target': None, 'cmake_target_skip_unavailable': False, 'install_base': '/home/matthieu/ros2_ws/install/web_control', 'merge_install': False, 'path': '/home/matthieu/ros2_ws/src/web_control', 'symlink_install': True, 'test_result_base': None}
[0.302s] INFO:colcon.colcon_core.executor:Executing jobs using 'parallel' executor
[0.303s] DEBUG:colcon.colcon_parallel_executor.executor.parallel:run_until_complete
[0.303s] INFO:colcon.colcon_ros.task.ament_python.build:Building ROS package in '/home/matthieu/ros2_ws/src/web_control' with build type 'ament_python'
[0.303s] Level 1:colcon.colcon_core.shell:create_environment_hook('web_control', 'ament_prefix_path')
[0.307s] INFO:colcon.colcon_core.plugin_system:Skipping extension 'colcon_core.shell.bat': Not used on non-Windows systems
[0.308s] INFO:colcon.colcon_core.shell:Creating environment hook '/home/matthieu/ros2_ws/install/web_control/share/web_control/hook/ament_prefix_path.ps1'
[0.308s] INFO:colcon.colcon_core.shell:Creating environment descriptor '/home/matthieu/ros2_ws/install/web_control/share/web_control/hook/ament_prefix_path.dsv'
[0.308s] INFO:colcon.colcon_core.shell:Creating environment hook '/home/matthieu/ros2_ws/install/web_control/share/web_control/hook/ament_prefix_path.sh'
[0.309s] INFO:colcon.colcon_core.shell:Skip shell extension 'powershell' for command environment: Not usable outside of PowerShell
[0.309s] DEBUG:colcon.colcon_core.shell:Skip shell extension 'dsv' for command environment
[0.485s] INFO:colcon.colcon_core.task.python.build:Building Python package in '/home/matthieu/ros2_ws/src/web_control'
[0.485s] INFO:colcon.colcon_core.shell:Skip shell extension 'powershell' for command environment: Not usable outside of PowerShell
[0.485s] DEBUG:colcon.colcon_core.shell:Skip shell extension 'dsv' for command environment
[0.939s] DEBUG:colcon.colcon_core.task.python.build:While undoing a previous installation files outside the Python library path are being ignored: /home/matthieu/ros2_ws/install/web_control/share/ament_index/resource_index/packages/web_control
[0.939s] DEBUG:colcon.colcon_core.task.python.build:While undoing a previous installation files outside the Python library path are being ignored: /home/matthieu/ros2_ws/install/web_control/share/web_control/package.xml
[0.939s] DEBUG:colcon.colcon_core.task.python.build:While undoing a previous installation files outside the Python library path are being ignored: /home/matthieu/ros2_ws/install/web_control/share/web_control/launch/web_control_full.launch.py
[0.939s] DEBUG:colcon.colcon_core.task.python.build:While undoing a previous installation files outside the Python library path are being ignored: /home/matthieu/ros2_ws/install/web_control/share/web_control/web/saint-cyr.png
[0.939s] DEBUG:colcon.colcon_core.task.python.build:While undoing a previous installation files outside the Python library path are being ignored: /home/matthieu/ros2_ws/install/web_control/share/web_control/web/logo-polytech.png
[0.939s] DEBUG:colcon.colcon_core.task.python.build:While undoing a previous installation files outside the Python library path are being ignored: /home/matthieu/ros2_ws/install/web_control/share/web_control/web/style.css
[0.939s] DEBUG:colcon.colcon_core.task.python.build:While undoing a previous installation files outside the Python library path are being ignored: /home/matthieu/ros2_ws/install/web_control/share/web_control/web/index.html
[0.939s] DEBUG:colcon.colcon_core.task.python.build:While undoing a previous installation files outside the Python library path are being ignored: /home/matthieu/ros2_ws/install/web_control/share/web_control/web/app.js
[0.939s] DEBUG:colcon.colcon_core.task.python.build:While undoing a previous installation files outside the Python library path are being ignored: /home/matthieu/ros2_ws/install/web_control/share/web_control/web/navig/logo.png
[0.939s] DEBUG:colcon.colcon_core.task.python.build:While undoing a previous installation files outside the Python library path are being ignored: /home/matthieu/ros2_ws/install/web_control/share/web_control/web/navig/navig.css
[0.939s] DEBUG:colcon.colcon_core.task.python.build:While undoing a previous installation files outside the Python library path are being ignored: /home/matthieu/ros2_ws/install/web_control/share/web_control/web/navig/map.jpg
[0.939s] DEBUG:colcon.colcon_core.task.python.build:While undoing a previous installation files outside the Python library path are being ignored: /home/matthieu/ros2_ws/install/web_control/share/web_control/web/navig/navig.js
[0.939s] DEBUG:colcon.colcon_core.task.python.build:While undoing a previous installation files outside the Python library path are being ignored: /home/matthieu/ros2_ws/install/web_control/share/web_control/web/navig/settings.png
[0.939s] DEBUG:colcon.colcon_core.task.python.build:While undoing a previous installation files outside the Python library path are being ignored: /home/matthieu/ros2_ws/install/web_control/share/web_control/web/navig/navig.html
[0.939s] DEBUG:colcon.colcon_core.task.python.build:While undoing a previous installation files outside the Python library path are being ignored: /home/matthieu/ros2_ws/install/web_control/share/web_control/web/navig/blank_area.json
[0.939s] DEBUG:colcon.colcon_core.task.python.build:While undoing a previous installation files outside the Python library path are being ignored: /home/matthieu/ros2_ws/install/web_control/share/web_control/web/accueil/home.png
[0.939s] DEBUG:colcon.colcon_core.task.python.build:While undoing a previous installation files outside the Python library path are being ignored: /home/matthieu/ros2_ws/install/web_control/share/web_control/web/accueil/logo.png
[0.939s] DEBUG:colcon.colcon_core.task.python.build:While undoing a previous installation files outside the Python library path are being ignored: /home/matthieu/ros2_ws/install/web_control/share/web_control/web/accueil/CURT.jpg
[0.939s] DEBUG:colcon.colcon_core.task.python.build:While undoing a previous installation files outside the Python library path are being ignored: /home/matthieu/ros2_ws/install/web_control/share/web_control/web/accueil/bras.jpg
[0.939s] DEBUG:colcon.colcon_core.task.python.build:While undoing a previous installation files outside the Python library path are being ignored: /home/matthieu/ros2_ws/install/web_control/share/web_control/web/accueil/page_presentation.html
[0.939s] DEBUG:colcon.colcon_core.task.python.build:While undoing a previous installation files outside the Python library path are being ignored: /home/matthieu/ros2_ws/install/web_control/share/web_control/web/gallery
[0.940s] DEBUG:colcon.colcon_core.task.python.build:While undoing a previous installation files outside the Python library path are being ignored: /home/matthieu/ros2_ws/install/web_control/lib/web_control/backend_node
[0.941s] DEBUG:colcon.colcon_core.event_handler.log_command:Invoking command in '/home/matthieu/ros2_ws/build/web_control': DEBUGINFOD_URLS=https://debuginfod.ubuntu.com PYTHONPATH=/home/matthieu/ros2_ws/build/web_control/prefix_override:/usr/lib/python3/dist-packages/colcon_core/task/python/colcon_distutils_commands:/home/matthieu/ros2_ws/install/web_control/lib/python3.12/site-packages:${PYTHONPATH} /usr/bin/python3 -W ignore:setup.py install is deprecated -W ignore:easy_install command is deprecated setup.py develop --editable --build-directory /home/matthieu/ros2_ws/build/web_control/build --no-deps symlink_data --force
[1.437s] Level 1:colcon.colcon_core.shell:create_environment_hook('web_control', 'pythonpath_develop')
[1.438s] INFO:colcon.colcon_core.shell:Creating environment hook '/home/matthieu/ros2_ws/build/web_control/share/web_control/hook/pythonpath_develop.ps1'
[1.438s] DEBUG:colcon.colcon_core.event_handler.log_command:Invoked command in '/home/matthieu/ros2_ws/build/web_control' returned '0': DEBUGINFOD_URLS=https://debuginfod.ubuntu.com PYTHONPATH=/home/matthieu/ros2_ws/build/web_control/prefix_override:/usr/lib/python3/dist-packages/colcon_core/task/python/colcon_distutils_commands:/home/matthieu/ros2_ws/install/web_control/lib/python3.12/site-packages:${PYTHONPATH} /usr/bin/python3 -W ignore:setup.py install is deprecated -W ignore:easy_install command is deprecated setup.py develop --editable --build-directory /home/matthieu/ros2_ws/build/web_control/build --no-deps symlink_data --force
[1.438s] INFO:colcon.colcon_core.shell:Creating environment descriptor '/home/matthieu/ros2_ws/build/web_control/share/web_control/hook/pythonpath_develop.dsv'
[1.439s] INFO:colcon.colcon_core.shell:Creating environment hook '/home/matthieu/ros2_ws/build/web_control/share/web_control/hook/pythonpath_develop.sh'
[1.443s] Level 1:colcon.colcon_core.environment:checking '/home/matthieu/ros2_ws/install/web_control' for CMake module files
[1.443s] Level 1:colcon.colcon_core.environment:checking '/home/matthieu/ros2_ws/install/web_control' for CMake config files
[1.444s] Level 1:colcon.colcon_core.environment:checking '/home/matthieu/ros2_ws/install/web_control/lib'
[1.444s] Level 1:colcon.colcon_core.environment:checking '/home/matthieu/ros2_ws/install/web_control/bin'
[1.444s] Level 1:colcon.colcon_core.environment:checking '/home/matthieu/ros2_ws/install/web_control/lib/pkgconfig/web_control.pc'
[1.444s] Level 1:colcon.colcon_core.environment:checking '/home/matthieu/ros2_ws/install/web_control/lib/python3.12/site-packages'
[1.444s] Level 1:colcon.colcon_core.shell:create_environment_hook('web_control', 'pythonpath')
[1.444s] INFO:colcon.colcon_core.shell:Creating environment hook '/home/matthieu/ros2_ws/install/web_control/share/web_control/hook/pythonpath.ps1'
[1.444s] INFO:colcon.colcon_core.shell:Creating environment descriptor '/home/matthieu/ros2_ws/install/web_control/share/web_control/hook/pythonpath.dsv'
[1.445s] INFO:colcon.colcon_core.shell:Creating environment hook '/home/matthieu/ros2_ws/install/web_control/share/web_control/hook/pythonpath.sh'
[1.445s] Level 1:colcon.colcon_core.environment:checking '/home/matthieu/ros2_ws/install/web_control/bin'
[1.445s] Level 1:colcon.colcon_core.environment:create_environment_scripts_only(web_control)
[1.445s] INFO:colcon.colcon_core.shell:Creating package script '/home/matthieu/ros2_ws/install/web_control/share/web_control/package.ps1'
[1.446s] INFO:colcon.colcon_core.shell:Creating package descriptor '/home/matthieu/ros2_ws/install/web_control/share/web_control/package.dsv'
[1.446s] INFO:colcon.colcon_core.shell:Creating package script '/home/matthieu/ros2_ws/install/web_control/share/web_control/package.sh'
[1.447s] INFO:colcon.colcon_core.shell:Creating package script '/home/matthieu/ros2_ws/install/web_control/share/web_control/package.bash'
[1.448s] INFO:colcon.colcon_core.shell:Creating package script '/home/matthieu/ros2_ws/install/web_control/share/web_control/package.zsh'
[1.448s] Level 1:colcon.colcon_core.environment:create_file_with_runtime_dependencies(/home/matthieu/ros2_ws/install/web_control/share/colcon-core/packages/web_control)
[1.448s] DEBUG:colcon.colcon_parallel_executor.executor.parallel:closing loop
[1.448s] DEBUG:colcon.colcon_parallel_executor.executor.parallel:loop closed
[1.449s] DEBUG:colcon.colcon_parallel_executor.executor.parallel:run_until_complete finished with '0'
[1.449s] DEBUG:colcon.colcon_core.event_reactor:joining thread
[1.454s] INFO:colcon.colcon_core.plugin_system:Skipping extension 'colcon_notification.desktop_notification.terminal_notifier': Not used on non-Darwin systems
[1.455s] INFO:colcon.colcon_core.plugin_system:Skipping extension 'colcon_notification.desktop_notification.win32': Not used on non-Windows systems
[1.455s] INFO:colcon.colcon_notification.desktop_notification:Sending desktop notification using 'notify2'
[1.465s] DEBUG:colcon.colcon_core.event_reactor:joined thread
[1.466s] INFO:colcon.colcon_core.shell:Creating prefix script '/home/matthieu/ros2_ws/install/local_setup.ps1'
[1.466s] INFO:colcon.colcon_core.shell:Creating prefix util module '/home/matthieu/ros2_ws/install/_local_setup_util_ps1.py'
[1.467s] INFO:colcon.colcon_core.shell:Creating prefix chain script '/home/matthieu/ros2_ws/install/setup.ps1'
[1.468s] INFO:colcon.colcon_core.shell:Creating prefix script '/home/matthieu/ros2_ws/install/local_setup.sh'
[1.468s] INFO:colcon.colcon_core.shell:Creating prefix util module '/home/matthieu/ros2_ws/install/_local_setup_util_sh.py'
[1.469s] INFO:colcon.colcon_core.shell:Creating prefix chain script '/home/matthieu/ros2_ws/install/setup.sh'
[1.469s] INFO:colcon.colcon_core.shell:Creating prefix script '/home/matthieu/ros2_ws/install/local_setup.bash'
[1.470s] INFO:colcon.colcon_core.shell:Creating prefix chain script '/home/matthieu/ros2_ws/install/setup.bash'
[1.470s] INFO:colcon.colcon_core.shell:Creating prefix script '/home/matthieu/ros2_ws/install/local_setup.zsh'
[1.471s] INFO:colcon.colcon_core.shell:Creating prefix chain script '/home/matthieu/ros2_ws/install/setup.zsh'
