[0.555s] Invoking command in '/home/matthieu/ros2_ws/src/web_control': DEBUGINFOD_URLS=https://debuginfod.ubuntu.com PYTHONPATH=/home/matthieu/ros2_ws/build/web_control/prefix_override:/usr/lib/python3/dist-packages/colcon_core/task/python/colcon_distutils_commands:/home/matthieu/ros2_ws/install/web_control/lib/python3.12/site-packages:${PYTHONPATH} /usr/bin/python3 -W ignore:setup.py install is deprecated -W ignore:easy_install command is deprecated setup.py egg_info --egg-base ../../build/web_control build --build-base /home/matthieu/ros2_ws/build/web_control/build install --record /home/matthieu/ros2_ws/build/web_control/install.log --single-version-externally-managed install_data
[0.748s] running egg_info
[0.761s] writing ../../build/web_control/web_control.egg-info/PKG-INFO
[0.761s] writing dependency_links to ../../build/web_control/web_control.egg-info/dependency_links.txt
[0.761s] writing entry points to ../../build/web_control/web_control.egg-info/entry_points.txt
[0.761s] writing requirements to ../../build/web_control/web_control.egg-info/requires.txt
[0.761s] writing top-level names to ../../build/web_control/web_control.egg-info/top_level.txt
[0.788s] reading manifest file '../../build/web_control/web_control.egg-info/SOURCES.txt'
[0.789s] writing manifest file '../../build/web_control/web_control.egg-info/SOURCES.txt'
[0.789s] running build
[0.789s] running build_py
[0.789s] running install
[0.794s] running install_lib
[0.808s] running install_data
[0.808s] copying web/accueil/page_presentation.html -> /home/matthieu/ros2_ws/install/web_control/share/web_control/web/accueil
[0.808s] running install_egg_info
[0.823s] removing '/home/matthieu/ros2_ws/install/web_control/lib/python3.12/site-packages/web_control-1.0.0-py3.12.egg-info' (and everything under it)
[0.823s] Copying ../../build/web_control/web_control.egg-info to /home/matthieu/ros2_ws/install/web_control/lib/python3.12/site-packages/web_control-1.0.0-py3.12.egg-info
[0.823s] running install_scripts
[0.911s] Installing backend_node script to /home/matthieu/ros2_ws/install/web_control/lib/web_control
[0.911s] writing list of installed files to '/home/matthieu/ros2_ws/build/web_control/install.log'
[0.929s] Invoked command in '/home/matthieu/ros2_ws/src/web_control' returned '0': DEBUGINFOD_URLS=https://debuginfod.ubuntu.com PYTHONPATH=/home/matthieu/ros2_ws/build/web_control/prefix_override:/usr/lib/python3/dist-packages/colcon_core/task/python/colcon_distutils_commands:/home/matthieu/ros2_ws/install/web_control/lib/python3.12/site-packages:${PYTHONPATH} /usr/bin/python3 -W ignore:setup.py install is deprecated -W ignore:easy_install command is deprecated setup.py egg_info --egg-base ../../build/web_control build --build-base /home/matthieu/ros2_ws/build/web_control/build install --record /home/matthieu/ros2_ws/build/web_control/install.log --single-version-externally-managed install_data
