[0.524s] Invoking command in '/home/matthieu/ros2_ws/src/web_control': DEBUGINFOD_URLS=https://debuginfod.ubuntu.com PYTHONPATH=/home/matthieu/ros2_ws/build/web_control/prefix_override:/usr/lib/python3/dist-packages/colcon_core/task/python/colcon_distutils_commands:/home/matthieu/ros2_ws/install/web_control/lib/python3.12/site-packages:${PYTHONPATH} /usr/bin/python3 -W ignore:setup.py install is deprecated -W ignore:easy_install command is deprecated setup.py egg_info --egg-base ../../build/web_control build --build-base /home/matthieu/ros2_ws/build/web_control/build install --record /home/matthieu/ros2_ws/build/web_control/install.log --single-version-externally-managed install_data
[0.701s] running egg_info
[0.714s] writing ../../build/web_control/web_control.egg-info/PKG-INFO
[0.714s] writing dependency_links to ../../build/web_control/web_control.egg-info/dependency_links.txt
[0.714s] writing entry points to ../../build/web_control/web_control.egg-info/entry_points.txt
[0.715s] writing requirements to ../../build/web_control/web_control.egg-info/requires.txt
[0.715s] writing top-level names to ../../build/web_control/web_control.egg-info/top_level.txt
[0.742s] reading manifest file '../../build/web_control/web_control.egg-info/SOURCES.txt'
[0.743s] writing manifest file '../../build/web_control/web_control.egg-info/SOURCES.txt'
[0.743s] running build
[0.743s] running build_py
[0.743s] running install
[0.748s] running install_lib
[0.761s] running install_data
[0.761s] copying web/navig/navig.js -> /home/matthieu/ros2_ws/install/web_control/share/web_control/web/navig
[0.761s] copying web/navig/settings.png -> /home/matthieu/ros2_ws/install/web_control/share/web_control/web/navig
[0.761s] copying web/navig/navig.html -> /home/matthieu/ros2_ws/install/web_control/share/web_control/web/navig
[0.762s] copying web/navig/blank_area.json -> /home/matthieu/ros2_ws/install/web_control/share/web_control/web/navig
[0.762s] creating /home/matthieu/ros2_ws/install/web_control/share/web_control/web/gallery
[0.762s] running install_egg_info
[0.775s] Copying ../../build/web_control/web_control.egg-info to /home/matthieu/ros2_ws/install/web_control/lib/python3.12/site-packages/web_control-1.0.0-py3.12.egg-info
[0.776s] running install_scripts
[0.864s] Installing backend_node script to /home/matthieu/ros2_ws/install/web_control/lib/web_control
[0.865s] writing list of installed files to '/home/matthieu/ros2_ws/build/web_control/install.log'
[0.880s] Invoked command in '/home/matthieu/ros2_ws/src/web_control' returned '0': DEBUGINFOD_URLS=https://debuginfod.ubuntu.com PYTHONPATH=/home/matthieu/ros2_ws/build/web_control/prefix_override:/usr/lib/python3/dist-packages/colcon_core/task/python/colcon_distutils_commands:/home/matthieu/ros2_ws/install/web_control/lib/python3.12/site-packages:${PYTHONPATH} /usr/bin/python3 -W ignore:setup.py install is deprecated -W ignore:easy_install command is deprecated setup.py egg_info --egg-base ../../build/web_control build --build-base /home/matthieu/ros2_ws/build/web_control/build install --record /home/matthieu/ros2_ws/build/web_control/install.log --single-version-externally-managed install_data
