[0.531s] Invoking command in '/home/matthieu/ros2_ws/src/web_control': DEBUGINFOD_URLS=https://debuginfod.ubuntu.com PYTHONPATH=/home/matthieu/ros2_ws/build/web_control/prefix_override:/usr/lib/python3/dist-packages/colcon_core/task/python/colcon_distutils_commands:/home/matthieu/ros2_ws/install/web_control/lib/python3.12/site-packages:${PYTHONPATH} /usr/bin/python3 -W ignore:setup.py install is deprecated -W ignore:easy_install command is deprecated setup.py egg_info --egg-base ../../build/web_control build --build-base /home/matthieu/ros2_ws/build/web_control/build install --record /home/matthieu/ros2_ws/build/web_control/install.log --single-version-externally-managed install_data
[0.719s] running egg_info
[0.720s] creating ../../build/web_control/web_control.egg-info
[0.734s] writing ../../build/web_control/web_control.egg-info/PKG-INFO
[0.734s] writing dependency_links to ../../build/web_control/web_control.egg-info/dependency_links.txt
[0.735s] writing entry points to ../../build/web_control/web_control.egg-info/entry_points.txt
[0.735s] writing requirements to ../../build/web_control/web_control.egg-info/requires.txt
[0.735s] writing top-level names to ../../build/web_control/web_control.egg-info/top_level.txt
[0.735s] writing manifest file '../../build/web_control/web_control.egg-info/SOURCES.txt'
[0.764s] reading manifest file '../../build/web_control/web_control.egg-info/SOURCES.txt'
[0.764s] writing manifest file '../../build/web_control/web_control.egg-info/SOURCES.txt'
[0.765s] running build
[0.765s] running build_py
[0.765s] creating /home/matthieu/ros2_ws/build/web_control/build
[0.765s] creating /home/matthieu/ros2_ws/build/web_control/build/lib
[0.765s] creating /home/matthieu/ros2_ws/build/web_control/build/lib/web_control
[0.765s] copying web_control/backend_node.py -> /home/matthieu/ros2_ws/build/web_control/build/lib/web_control
[0.765s] copying web_control/gallery_manager.py -> /home/matthieu/ros2_ws/build/web_control/build/lib/web_control
[0.765s] copying web_control/capture_manager.py -> /home/matthieu/ros2_ws/build/web_control/build/lib/web_control
[0.765s] copying web_control/__init__.py -> /home/matthieu/ros2_ws/build/web_control/build/lib/web_control
[0.765s] running install
[0.774s] running install_lib
[0.794s] creating /home/matthieu/ros2_ws/install/web_control/lib/python3.12/site-packages/web_control
[0.794s] copying /home/matthieu/ros2_ws/build/web_control/build/lib/web_control/backend_node.py -> /home/matthieu/ros2_ws/install/web_control/lib/python3.12/site-packages/web_control
[0.794s] copying /home/matthieu/ros2_ws/build/web_control/build/lib/web_control/gallery_manager.py -> /home/matthieu/ros2_ws/install/web_control/lib/python3.12/site-packages/web_control
[0.794s] copying /home/matthieu/ros2_ws/build/web_control/build/lib/web_control/capture_manager.py -> /home/matthieu/ros2_ws/install/web_control/lib/python3.12/site-packages/web_control
[0.794s] copying /home/matthieu/ros2_ws/build/web_control/build/lib/web_control/__init__.py -> /home/matthieu/ros2_ws/install/web_control/lib/python3.12/site-packages/web_control
[0.795s] byte-compiling /home/matthieu/ros2_ws/install/web_control/lib/python3.12/site-packages/web_control/backend_node.py to backend_node.cpython-312.pyc
[0.796s] byte-compiling /home/matthieu/ros2_ws/install/web_control/lib/python3.12/site-packages/web_control/gallery_manager.py to gallery_manager.cpython-312.pyc
[0.796s] byte-compiling /home/matthieu/ros2_ws/install/web_control/lib/python3.12/site-packages/web_control/capture_manager.py to capture_manager.cpython-312.pyc
[0.797s] byte-compiling /home/matthieu/ros2_ws/install/web_control/lib/python3.12/site-packages/web_control/__init__.py to __init__.cpython-312.pyc
[0.797s] running install_data
[0.797s] creating /home/matthieu/ros2_ws/install/web_control/share/ament_index
[0.797s] creating /home/matthieu/ros2_ws/install/web_control/share/ament_index/resource_index
[0.797s] creating /home/matthieu/ros2_ws/install/web_control/share/ament_index/resource_index/packages
[0.797s] copying resource/web_control -> /home/matthieu/ros2_ws/install/web_control/share/ament_index/resource_index/packages
[0.797s] copying package.xml -> /home/matthieu/ros2_ws/install/web_control/share/web_control
[0.797s] creating /home/matthieu/ros2_ws/install/web_control/share/web_control/launch
[0.797s] copying launch/web_control_full.launch.py -> /home/matthieu/ros2_ws/install/web_control/share/web_control/launch
[0.797s] creating /home/matthieu/ros2_ws/install/web_control/share/web_control/web
[0.798s] copying web/saint-cyr.png -> /home/matthieu/ros2_ws/install/web_control/share/web_control/web
[0.798s] copying web/logo-polytech.png -> /home/matthieu/ros2_ws/install/web_control/share/web_control/web
[0.798s] copying web/style.css -> /home/matthieu/ros2_ws/install/web_control/share/web_control/web
[0.798s] copying web/index.html -> /home/matthieu/ros2_ws/install/web_control/share/web_control/web
[0.799s] copying web/app.js -> /home/matthieu/ros2_ws/install/web_control/share/web_control/web
[0.799s] creating /home/matthieu/ros2_ws/install/web_control/share/web_control/web/navig
[0.799s] copying web/navig/logo.png -> /home/matthieu/ros2_ws/install/web_control/share/web_control/web/navig
[0.799s] copying web/navig/navig.css -> /home/matthieu/ros2_ws/install/web_control/share/web_control/web/navig
[0.799s] copying web/navig/map.jpg -> /home/matthieu/ros2_ws/install/web_control/share/web_control/web/navig
[0.804s] copying web/navig/navig.js -> /home/matthieu/ros2_ws/install/web_control/share/web_control/web/navig
[0.804s] copying web/navig/settings.png -> /home/matthieu/ros2_ws/install/web_control/share/web_control/web/navig
[0.804s] copying web/navig/navig.html -> /home/matthieu/ros2_ws/install/web_control/share/web_control/web/navig
[0.804s] copying web/navig/blank_area.json -> /home/matthieu/ros2_ws/install/web_control/share/web_control/web/navig
[0.804s] creating /home/matthieu/ros2_ws/install/web_control/share/web_control/web/gallery
[0.804s] running install_egg_info
[0.820s] Copying ../../build/web_control/web_control.egg-info to /home/matthieu/ros2_ws/install/web_control/lib/python3.12/site-packages/web_control-1.0.0-py3.12.egg-info
[0.820s] running install_scripts
[0.918s] Installing backend_node script to /home/matthieu/ros2_ws/install/web_control/lib/web_control
[0.919s] writing list of installed files to '/home/matthieu/ros2_ws/build/web_control/install.log'
[0.939s] Invoked command in '/home/matthieu/ros2_ws/src/web_control' returned '0': DEBUGINFOD_URLS=https://debuginfod.ubuntu.com PYTHONPATH=/home/matthieu/ros2_ws/build/web_control/prefix_override:/usr/lib/python3/dist-packages/colcon_core/task/python/colcon_distutils_commands:/home/matthieu/ros2_ws/install/web_control/lib/python3.12/site-packages:${PYTHONPATH} /usr/bin/python3 -W ignore:setup.py install is deprecated -W ignore:easy_install command is deprecated setup.py egg_info --egg-base ../../build/web_control build --build-base /home/matthieu/ros2_ws/build/web_control/build install --record /home/matthieu/ros2_ws/build/web_control/install.log --single-version-externally-managed install_data
