running egg_info
writing ../../build/web_control/web_control.egg-info/PKG-INFO
writing dependency_links to ../../build/web_control/web_control.egg-info/dependency_links.txt
writing entry points to ../../build/web_control/web_control.egg-info/entry_points.txt
writing requirements to ../../build/web_control/web_control.egg-info/requires.txt
writing top-level names to ../../build/web_control/web_control.egg-info/top_level.txt
reading manifest file '../../build/web_control/web_control.egg-info/SOURCES.txt'
writing manifest file '../../build/web_control/web_control.egg-info/SOURCES.txt'
running build
running build_py
copying web_control/backend_node.py -> /home/matthieu/ros2_ws/build/web_control/build/lib/web_control
running install
running install_lib
copying /home/matthieu/ros2_ws/build/web_control/build/lib/web_control/backend_node.py -> /home/matthieu/ros2_ws/install/web_control/lib/python3.12/site-packages/web_control
byte-compiling /home/matthieu/ros2_ws/install/web_control/lib/python3.12/site-packages/web_control/backend_node.py to backend_node.cpython-312.pyc
running install_data
copying web/style.css -> /home/matthieu/ros2_ws/install/web_control/share/web_control/web
copying web/index.html -> /home/matthieu/ros2_ws/install/web_control/share/web_control/web
copying web/app.js -> /home/matthieu/ros2_ws/install/web_control/share/web_control/web
copying web/navig/navig.js -> /home/matthieu/ros2_ws/install/web_control/share/web_control/web/navig
copying web/navig/navig.html -> /home/matthieu/ros2_ws/install/web_control/share/web_control/web/navig
running install_egg_info
removing '/home/matthieu/ros2_ws/install/web_control/lib/python3.12/site-packages/web_control-1.0.0-py3.12.egg-info' (and everything under it)
Copying ../../build/web_control/web_control.egg-info to /home/matthieu/ros2_ws/install/web_control/lib/python3.12/site-packages/web_control-1.0.0-py3.12.egg-info
running install_scripts
Installing backend_node script to /home/matthieu/ros2_ws/install/web_control/lib/web_control
writing list of installed files to '/home/matthieu/ros2_ws/build/web_control/install.log'
