[0.591s] Invoking command in '/home/matthieu/ros2_ws/src/web_control': DEBUGINFOD_URLS=https://debuginfod.ubuntu.com PYTHONPATH=/home/matthieu/ros2_ws/build/web_control/prefix_override:/usr/lib/python3/dist-packages/colcon_core/task/python/colcon_distutils_commands:/home/matthieu/ros2_ws/install/web_control/lib/python3.12/site-packages:${PYTHONPATH} /usr/bin/python3 -W ignore:setup.py install is deprecated -W ignore:easy_install command is deprecated setup.py egg_info --egg-base ../../build/web_control build --build-base /home/matthieu/ros2_ws/build/web_control/build install --record /home/matthieu/ros2_ws/build/web_control/install.log --single-version-externally-managed install_data
[0.783s] running egg_info
[0.796s] writing ../../build/web_control/web_control.egg-info/PKG-INFO
[0.796s] writing dependency_links to ../../build/web_control/web_control.egg-info/dependency_links.txt
[0.796s] writing entry points to ../../build/web_control/web_control.egg-info/entry_points.txt
[0.797s] writing requirements to ../../build/web_control/web_control.egg-info/requires.txt
[0.797s] writing top-level names to ../../build/web_control/web_control.egg-info/top_level.txt
[0.825s] reading manifest file '../../build/web_control/web_control.egg-info/SOURCES.txt'
[0.825s] writing manifest file '../../build/web_control/web_control.egg-info/SOURCES.txt'
[0.825s] running build
[0.826s] running build_py
[0.826s] copying web_control/backend_node.py -> /home/matthieu/ros2_ws/build/web_control/build/lib/web_control
[0.826s] running install
[0.831s] running install_lib
[0.847s] copying /home/matthieu/ros2_ws/build/web_control/build/lib/web_control/backend_node.py -> /home/matthieu/ros2_ws/install/web_control/lib/python3.12/site-packages/web_control
[0.847s] byte-compiling /home/matthieu/ros2_ws/install/web_control/lib/python3.12/site-packages/web_control/backend_node.py to backend_node.cpython-312.pyc
[0.849s] running install_data
[0.849s] copying web/style.css -> /home/matthieu/ros2_ws/install/web_control/share/web_control/web
[0.849s] copying web/index.html -> /home/matthieu/ros2_ws/install/web_control/share/web_control/web
[0.850s] copying web/app.js -> /home/matthieu/ros2_ws/install/web_control/share/web_control/web
[0.850s] copying web/navig/navig.js -> /home/matthieu/ros2_ws/install/web_control/share/web_control/web/navig
[0.850s] copying web/navig/navig.html -> /home/matthieu/ros2_ws/install/web_control/share/web_control/web/navig
[0.850s] running install_egg_info
[0.865s] removing '/home/matthieu/ros2_ws/install/web_control/lib/python3.12/site-packages/web_control-1.0.0-py3.12.egg-info' (and everything under it)
[0.865s] Copying ../../build/web_control/web_control.egg-info to /home/matthieu/ros2_ws/install/web_control/lib/python3.12/site-packages/web_control-1.0.0-py3.12.egg-info
[0.865s] running install_scripts
[0.959s] Installing backend_node script to /home/matthieu/ros2_ws/install/web_control/lib/web_control
[0.959s] writing list of installed files to '/home/matthieu/ros2_ws/build/web_control/install.log'
[0.976s] Invoked command in '/home/matthieu/ros2_ws/src/web_control' returned '0': DEBUGINFOD_URLS=https://debuginfod.ubuntu.com PYTHONPATH=/home/matthieu/ros2_ws/build/web_control/prefix_override:/usr/lib/python3/dist-packages/colcon_core/task/python/colcon_distutils_commands:/home/matthieu/ros2_ws/install/web_control/lib/python3.12/site-packages:${PYTHONPATH} /usr/bin/python3 -W ignore:setup.py install is deprecated -W ignore:easy_install command is deprecated setup.py egg_info --egg-base ../../build/web_control build --build-base /home/matthieu/ros2_ws/build/web_control/build install --record /home/matthieu/ros2_ws/build/web_control/install.log --single-version-externally-managed install_data
