[0.562s] Invoking command in '/home/matthieu/ros2_ws/build/web_control': DEBUGINFOD_URLS=https://debuginfod.ubuntu.com PYTHONPATH=/home/matthieu/ros2_ws/build/web_control/prefix_override:/usr/lib/python3/dist-packages/colcon_core/task/python/colcon_distutils_commands:/home/matthieu/ros2_ws/install/web_control/lib/python3.12/site-packages:${PYTHONPATH} /usr/bin/python3 -W ignore:setup.py install is deprecated -W ignore:easy_install command is deprecated setup.py develop --uninstall --editable --build-directory /home/matthieu/ros2_ws/build/web_control/build
[0.783s] running develop
[0.923s] Removing /home/matthieu/ros2_ws/install/web_control/lib/python3.12/site-packages/web-control.egg-link (link to .)
[0.945s] Invoked command in '/home/matthieu/ros2_ws/build/web_control' returned '0': DEBUGINFOD_URLS=https://debuginfod.ubuntu.com PYTHONPATH=/home/matthieu/ros2_ws/build/web_control/prefix_override:/usr/lib/python3/dist-packages/colcon_core/task/python/colcon_distutils_commands:/home/matthieu/ros2_ws/install/web_control/lib/python3.12/site-packages:${PYTHONPATH} /usr/bin/python3 -W ignore:setup.py install is deprecated -W ignore:easy_install command is deprecated setup.py develop --uninstall --editable --build-directory /home/matthieu/ros2_ws/build/web_control/build
[0.946s] Invoking command in '/home/matthieu/ros2_ws/src/web_control': DEBUGINFOD_URLS=https://debuginfod.ubuntu.com PYTHONPATH=/home/matthieu/ros2_ws/build/web_control/prefix_override:/usr/lib/python3/dist-packages/colcon_core/task/python/colcon_distutils_commands:/home/matthieu/ros2_ws/install/web_control/lib/python3.12/site-packages:${PYTHONPATH} /usr/bin/python3 -W ignore:setup.py install is deprecated -W ignore:easy_install command is deprecated setup.py egg_info --egg-base ../../build/web_control build --build-base /home/matthieu/ros2_ws/build/web_control/build install --record /home/matthieu/ros2_ws/build/web_control/install.log --single-version-externally-managed install_data --force
[1.135s] running egg_info
[1.149s] writing ../../build/web_control/web_control.egg-info/PKG-INFO
[1.149s] writing dependency_links to ../../build/web_control/web_control.egg-info/dependency_links.txt
[1.149s] writing entry points to ../../build/web_control/web_control.egg-info/entry_points.txt
[1.149s] writing requirements to ../../build/web_control/web_control.egg-info/requires.txt
[1.150s] writing top-level names to ../../build/web_control/web_control.egg-info/top_level.txt
[1.179s] reading manifest file '../../build/web_control/web_control.egg-info/SOURCES.txt'
[1.179s] writing manifest file '../../build/web_control/web_control.egg-info/SOURCES.txt'
[1.179s] running build
[1.179s] running build_py
[1.180s] running install
[1.184s] running install_lib
[1.199s] creating /home/matthieu/ros2_ws/install/web_control/lib/python3.12/site-packages/web_control
[1.199s] copying /home/matthieu/ros2_ws/build/web_control/build/lib/web_control/backend_node.py -> /home/matthieu/ros2_ws/install/web_control/lib/python3.12/site-packages/web_control
[1.199s] copying /home/matthieu/ros2_ws/build/web_control/build/lib/web_control/gallery_manager.py -> /home/matthieu/ros2_ws/install/web_control/lib/python3.12/site-packages/web_control
[1.199s] copying /home/matthieu/ros2_ws/build/web_control/build/lib/web_control/capture_manager.py -> /home/matthieu/ros2_ws/install/web_control/lib/python3.12/site-packages/web_control
[1.199s] copying /home/matthieu/ros2_ws/build/web_control/build/lib/web_control/__init__.py -> /home/matthieu/ros2_ws/install/web_control/lib/python3.12/site-packages/web_control
[1.199s] byte-compiling /home/matthieu/ros2_ws/install/web_control/lib/python3.12/site-packages/web_control/backend_node.py to backend_node.cpython-312.pyc
[1.201s] byte-compiling /home/matthieu/ros2_ws/install/web_control/lib/python3.12/site-packages/web_control/gallery_manager.py to gallery_manager.cpython-312.pyc
[1.201s] byte-compiling /home/matthieu/ros2_ws/install/web_control/lib/python3.12/site-packages/web_control/capture_manager.py to capture_manager.cpython-312.pyc
[1.202s] byte-compiling /home/matthieu/ros2_ws/install/web_control/lib/python3.12/site-packages/web_control/__init__.py to __init__.cpython-312.pyc
[1.202s] running install_data
[1.202s] copying resource/web_control -> /home/matthieu/ros2_ws/install/web_control/share/ament_index/resource_index/packages
[1.202s] copying package.xml -> /home/matthieu/ros2_ws/install/web_control/share/web_control
[1.202s] copying launch/web_control_full.launch.py -> /home/matthieu/ros2_ws/install/web_control/share/web_control/launch
[1.202s] copying web/saint-cyr.png -> /home/matthieu/ros2_ws/install/web_control/share/web_control/web
[1.203s] copying web/logo-polytech.png -> /home/matthieu/ros2_ws/install/web_control/share/web_control/web
[1.203s] copying web/style.css -> /home/matthieu/ros2_ws/install/web_control/share/web_control/web
[1.203s] copying web/index.html -> /home/matthieu/ros2_ws/install/web_control/share/web_control/web
[1.204s] copying web/app.js -> /home/matthieu/ros2_ws/install/web_control/share/web_control/web
[1.204s] copying web/navig/logo.png -> /home/matthieu/ros2_ws/install/web_control/share/web_control/web/navig
[1.204s] copying web/navig/navig.css -> /home/matthieu/ros2_ws/install/web_control/share/web_control/web/navig
[1.204s] copying web/navig/map.jpg -> /home/matthieu/ros2_ws/install/web_control/share/web_control/web/navig
[1.209s] copying web/navig/navig.js -> /home/matthieu/ros2_ws/install/web_control/share/web_control/web/navig
[1.209s] copying web/navig/settings.png -> /home/matthieu/ros2_ws/install/web_control/share/web_control/web/navig
[1.209s] copying web/navig/navig.html -> /home/matthieu/ros2_ws/install/web_control/share/web_control/web/navig
[1.209s] copying web/navig/blank_area.json -> /home/matthieu/ros2_ws/install/web_control/share/web_control/web/navig
[1.209s] copying web/accueil/home.png -> /home/matthieu/ros2_ws/install/web_control/share/web_control/web/accueil
[1.210s] copying web/accueil/logo.png -> /home/matthieu/ros2_ws/install/web_control/share/web_control/web/accueil
[1.210s] copying web/accueil/CURT.jpg -> /home/matthieu/ros2_ws/install/web_control/share/web_control/web/accueil
[1.210s] copying web/accueil/bras.jpg -> /home/matthieu/ros2_ws/install/web_control/share/web_control/web/accueil
[1.211s] copying web/accueil/page_presentation.html -> /home/matthieu/ros2_ws/install/web_control/share/web_control/web/accueil
[1.211s] running install_egg_info
[1.227s] Copying ../../build/web_control/web_control.egg-info to /home/matthieu/ros2_ws/install/web_control/lib/python3.12/site-packages/web_control-1.0.0-py3.12.egg-info
[1.227s] running install_scripts
[1.324s] Installing backend_node script to /home/matthieu/ros2_ws/install/web_control/lib/web_control
[1.324s] writing list of installed files to '/home/matthieu/ros2_ws/build/web_control/install.log'
[1.344s] Invoked command in '/home/matthieu/ros2_ws/src/web_control' returned '0': DEBUGINFOD_URLS=https://debuginfod.ubuntu.com PYTHONPATH=/home/matthieu/ros2_ws/build/web_control/prefix_override:/usr/lib/python3/dist-packages/colcon_core/task/python/colcon_distutils_commands:/home/matthieu/ros2_ws/install/web_control/lib/python3.12/site-packages:${PYTHONPATH} /usr/bin/python3 -W ignore:setup.py install is deprecated -W ignore:easy_install command is deprecated setup.py egg_info --egg-base ../../build/web_control build --build-base /home/matthieu/ros2_ws/build/web_control/build install --record /home/matthieu/ros2_ws/build/web_control/install.log --single-version-externally-managed install_data --force
