[1.043s] Invoking command in '/home/matthieu/ros2_ws/src/web_control': DEBUGINFOD_URLS=https://debuginfod.ubuntu.com PYTHONPATH=/home/matthieu/ros2_ws/build/web_control/prefix_override:/usr/lib/python3/dist-packages/colcon_core/task/python/colcon_distutils_commands:/home/matthieu/ros2_ws/install/web_control/lib/python3.12/site-packages:${PYTHONPATH} /usr/bin/python3 -W ignore:setup.py install is deprecated -W ignore:easy_install command is deprecated setup.py egg_info --egg-base ../../build/web_control build --build-base /home/matthieu/ros2_ws/build/web_control/build install --record /home/matthieu/ros2_ws/build/web_control/install.log --single-version-externally-managed install_data
[1.352s] running egg_info
[1.352s] creating ../../build/web_control/web_control.egg-info
[1.376s] writing ../../build/web_control/web_control.egg-info/PKG-INFO
[1.376s] writing dependency_links to ../../build/web_control/web_control.egg-info/dependency_links.txt
[1.376s] writing entry points to ../../build/web_control/web_control.egg-info/entry_points.txt
[1.377s] writing requirements to ../../build/web_control/web_control.egg-info/requires.txt
[1.377s] writing top-level names to ../../build/web_control/web_control.egg-info/top_level.txt
[1.377s] writing manifest file '../../build/web_control/web_control.egg-info/SOURCES.txt'
[1.429s] reading manifest file '../../build/web_control/web_control.egg-info/SOURCES.txt'
[1.430s] writing manifest file '../../build/web_control/web_control.egg-info/SOURCES.txt'
[1.430s] running build
[1.430s] running build_py
[1.431s] creating /home/matthieu/ros2_ws/build/web_control/build
[1.431s] creating /home/matthieu/ros2_ws/build/web_control/build/lib
[1.431s] creating /home/matthieu/ros2_ws/build/web_control/build/lib/web_control
[1.431s] copying web_control/backend_node.py -> /home/matthieu/ros2_ws/build/web_control/build/lib/web_control
[1.431s] copying web_control/gallery_manager.py -> /home/matthieu/ros2_ws/build/web_control/build/lib/web_control
[1.431s] copying web_control/capture_manager.py -> /home/matthieu/ros2_ws/build/web_control/build/lib/web_control
[1.431s] copying web_control/__init__.py -> /home/matthieu/ros2_ws/build/web_control/build/lib/web_control
[1.431s] running install
[1.440s] running install_lib
[1.464s] creating /home/matthieu/ros2_ws/install/web_control/lib/python3.12/site-packages/web_control
[1.464s] copying /home/matthieu/ros2_ws/build/web_control/build/lib/web_control/backend_node.py -> /home/matthieu/ros2_ws/install/web_control/lib/python3.12/site-packages/web_control
[1.464s] copying /home/matthieu/ros2_ws/build/web_control/build/lib/web_control/gallery_manager.py -> /home/matthieu/ros2_ws/install/web_control/lib/python3.12/site-packages/web_control
[1.464s] copying /home/matthieu/ros2_ws/build/web_control/build/lib/web_control/capture_manager.py -> /home/matthieu/ros2_ws/install/web_control/lib/python3.12/site-packages/web_control
[1.464s] copying /home/matthieu/ros2_ws/build/web_control/build/lib/web_control/__init__.py -> /home/matthieu/ros2_ws/install/web_control/lib/python3.12/site-packages/web_control
[1.465s] byte-compiling /home/matthieu/ros2_ws/install/web_control/lib/python3.12/site-packages/web_control/backend_node.py to backend_node.cpython-312.pyc
[1.466s] byte-compiling /home/matthieu/ros2_ws/install/web_control/lib/python3.12/site-packages/web_control/gallery_manager.py to gallery_manager.cpython-312.pyc
[1.467s] byte-compiling /home/matthieu/ros2_ws/install/web_control/lib/python3.12/site-packages/web_control/capture_manager.py to capture_manager.cpython-312.pyc
[1.467s] byte-compiling /home/matthieu/ros2_ws/install/web_control/lib/python3.12/site-packages/web_control/__init__.py to __init__.cpython-312.pyc
[1.468s] running install_data
[1.468s] creating /home/matthieu/ros2_ws/install/web_control/share/ament_index
[1.468s] creating /home/matthieu/ros2_ws/install/web_control/share/ament_index/resource_index
[1.468s] creating /home/matthieu/ros2_ws/install/web_control/share/ament_index/resource_index/packages
[1.468s] copying resource/web_control -> /home/matthieu/ros2_ws/install/web_control/share/ament_index/resource_index/packages
[1.468s] copying package.xml -> /home/matthieu/ros2_ws/install/web_control/share/web_control
[1.468s] creating /home/matthieu/ros2_ws/install/web_control/share/web_control/launch
[1.468s] copying launch/web_control_full.launch.py -> /home/matthieu/ros2_ws/install/web_control/share/web_control/launch
[1.468s] creating /home/matthieu/ros2_ws/install/web_control/share/web_control/web
[1.469s] copying web/style.css -> /home/matthieu/ros2_ws/install/web_control/share/web_control/web
[1.469s] copying web/index.html -> /home/matthieu/ros2_ws/install/web_control/share/web_control/web
[1.469s] copying web/app.js -> /home/matthieu/ros2_ws/install/web_control/share/web_control/web
[1.469s] creating /home/matthieu/ros2_ws/install/web_control/share/web_control/web/gallery
[1.470s] running install_egg_info
[1.491s] Copying ../../build/web_control/web_control.egg-info to /home/matthieu/ros2_ws/install/web_control/lib/python3.12/site-packages/web_control-1.0.0-py3.12.egg-info
[1.492s] running install_scripts
[1.639s] Installing backend_node script to /home/matthieu/ros2_ws/install/web_control/lib/web_control
[1.639s] writing list of installed files to '/home/matthieu/ros2_ws/build/web_control/install.log'
[1.666s] Invoked command in '/home/matthieu/ros2_ws/src/web_control' returned '0': DEBUGINFOD_URLS=https://debuginfod.ubuntu.com PYTHONPATH=/home/matthieu/ros2_ws/build/web_control/prefix_override:/usr/lib/python3/dist-packages/colcon_core/task/python/colcon_distutils_commands:/home/matthieu/ros2_ws/install/web_control/lib/python3.12/site-packages:${PYTHONPATH} /usr/bin/python3 -W ignore:setup.py install is deprecated -W ignore:easy_install command is deprecated setup.py egg_info --egg-base ../../build/web_control build --build-base /home/matthieu/ros2_ws/build/web_control/build install --record /home/matthieu/ros2_ws/build/web_control/install.log --single-version-externally-managed install_data
